2022-05-25 10:35:36,638 [trainer.py] => config: options/der.yaml
2022-05-25 10:35:36,638 [trainer.py] => prefix: reproduce
2022-05-25 10:35:36,638 [trainer.py] => device: [device(type='cuda', index=1)]
2022-05-25 10:35:36,638 [trainer.py] => seed: 1993
2022-05-25 10:35:36,638 [trainer.py] => num_workers: 8
2022-05-25 10:35:36,638 [trainer.py] => dataset: cifar100
2022-05-25 10:35:36,638 [trainer.py] => shuffle: False
2022-05-25 10:35:36,638 [trainer.py] => method: der
2022-05-25 10:35:36,639 [trainer.py] => eval_metric: acc
2022-05-25 10:35:36,639 [trainer.py] => backbone: resnet32
2022-05-25 10:35:36,639 [trainer.py] => pretrained: True
2022-05-25 10:35:36,639 [trainer.py] => save_models: False
2022-05-25 10:35:36,639 [trainer.py] => memory_size: 2000
2022-05-25 10:35:36,639 [trainer.py] => fixed_memory: False
2022-05-25 10:35:36,639 [trainer.py] => init_cls: 10
2022-05-25 10:35:36,639 [trainer.py] => increment: 10
2022-05-25 10:35:36,639 [trainer.py] => incre_type: cil
2022-05-25 10:35:36,639 [trainer.py] => init_epoch: 200
2022-05-25 10:35:36,639 [trainer.py] => init_lr: 0.1
2022-05-25 10:35:36,639 [trainer.py] => init_milestones: [60, 120, 170]
2022-05-25 10:35:36,639 [trainer.py] => init_lr_decay: 0.1
2022-05-25 10:35:36,639 [trainer.py] => init_weight_decay: 0.0005
2022-05-25 10:35:36,639 [trainer.py] => epochs: 170
2022-05-25 10:35:36,639 [trainer.py] => lrate: 0.1
2022-05-25 10:35:36,639 [trainer.py] => milestones: [80, 120, 150]
2022-05-25 10:35:36,640 [trainer.py] => lrate_decay: 0.1
2022-05-25 10:35:36,640 [trainer.py] => batch_size: 128
2022-05-25 10:35:36,640 [trainer.py] => weight_decay: 0.0002
2022-05-25 10:35:38,666 [data_manager.py] => class order: [0, 1, 2, 3, 4, 5, 6, 7, 8, 9, 10, 11, 12, 13, 14, 15, 16, 17, 18, 19, 20, 21, 22, 23, 24, 25, 26, 27, 28, 29, 30, 31, 32, 33, 34, 35, 36, 37, 38, 39, 40, 41, 42, 43, 44, 45, 46, 47, 48, 49, 50, 51, 52, 53, 54, 55, 56, 57, 58, 59, 60, 61, 62, 63, 64, 65, 66, 67, 68, 69, 70, 71, 72, 73, 74, 75, 76, 77, 78, 79, 80, 81, 82, 83, 84, 85, 86, 87, 88, 89, 90, 91, 92, 93, 94, 95, 96, 97, 98, 99]
2022-05-25 10:35:39,118 [trainer.py] => All params: 0
2022-05-25 10:35:39,118 [trainer.py] => Trainable params: 0
2022-05-25 10:35:39,137 [der.py] => Learning on 0-10
2022-05-25 10:35:39,137 [der.py] => All params: 465519
2022-05-25 10:35:39,138 [der.py] => Trainable params: 465519
2022-05-25 10:43:23,108 [der.py] => Task 0, Epoch 200/200 => Loss 0.061, Train_accy 99.32, Test_accy 83.50
2022-05-25 10:43:23,109 [base.py] => Reducing exemplars...(200 per classes)
2022-05-25 10:43:23,109 [base.py] => Constructing exemplars...(200 per classes)
2022-05-25 10:43:31,599 [der.py] => Exemplar size: 2000
2022-05-25 10:43:31,600 [trainer.py] => CNN: {'total': 83.5, '00-09': 83.5, 'old': 0, 'new': 83.5}
2022-05-25 10:43:31,600 [trainer.py] => NME: {'total': 83.3, '00-09': 83.3, 'old': 0, 'new': 83.3}
2022-05-25 10:43:31,600 [trainer.py] => CNN top1 curve: [83.5]
2022-05-25 10:43:31,600 [trainer.py] => CNN top5 curve: [99.0]
2022-05-25 10:43:31,600 [trainer.py] => NME top1 curve: [83.3]
2022-05-25 10:43:31,600 [trainer.py] => NME top5 curve: [99.0]

2022-05-25 10:43:31,601 [trainer.py] => All params: 465519
2022-05-25 10:43:31,602 [trainer.py] => Trainable params: 465519
2022-05-25 10:43:31,636 [der.py] => Learning on 10-20
2022-05-25 10:43:31,638 [der.py] => All params: 931603
2022-05-25 10:43:31,639 [der.py] => Trainable params: 467449
2022-05-25 10:52:02,080 [der.py] => Task 1, Epoch 170/170 => Loss 0.029, Loss_clf 0.015, Loss_aux 0.014, Train_accy 99.73
2022-05-25 10:52:02,084 [base.py] => Reducing exemplars...(100 per classes)
2022-05-25 10:52:04,855 [base.py] => Constructing exemplars...(100 per classes)
2022-05-25 10:52:13,909 [der.py] => Exemplar size: 2000
2022-05-25 10:52:13,909 [trainer.py] => CNN: {'total': 76.7, '00-09': 75.0, '10-19': 78.4, 'old': 75.0, 'new': 78.4}
2022-05-25 10:52:13,909 [trainer.py] => NME: {'total': 76.55, '00-09': 75.3, '10-19': 77.8, 'old': 75.3, 'new': 77.8}
2022-05-25 10:52:13,909 [trainer.py] => CNN top1 curve: [83.5, 76.7]
2022-05-25 10:52:13,909 [trainer.py] => CNN top5 curve: [99.0, 96.4]
2022-05-25 10:52:13,909 [trainer.py] => NME top1 curve: [83.3, 76.55]
2022-05-25 10:52:13,909 [trainer.py] => NME top5 curve: [99.0, 96.25]

2022-05-25 10:52:13,910 [trainer.py] => All params: 931603
2022-05-25 10:52:13,911 [trainer.py] => Trainable params: 467449
2022-05-25 10:52:13,941 [der.py] => Learning on 20-30
2022-05-25 10:52:13,942 [der.py] => All params: 1398967
2022-05-25 10:52:13,944 [der.py] => Trainable params: 470659
2022-05-25 11:01:45,874 [der.py] => Task 2, Epoch 170/170 => Loss 0.020, Loss_clf 0.012, Loss_aux 0.009, Train_accy 99.94
2022-05-25 11:01:45,877 [base.py] => Reducing exemplars...(66 per classes)
2022-05-25 11:01:51,551 [base.py] => Constructing exemplars...(66 per classes)
2022-05-25 11:02:02,093 [der.py] => Exemplar size: 1980
2022-05-25 11:02:02,094 [trainer.py] => CNN: {'total': 73.43, '00-09': 66.5, '10-19': 72.1, '20-29': 81.7, 'old': 69.3, 'new': 81.7}
2022-05-25 11:02:02,094 [trainer.py] => NME: {'total': 73.8, '00-09': 70.3, '10-19': 73.2, '20-29': 77.9, 'old': 71.75, 'new': 77.9}
2022-05-25 11:02:02,094 [trainer.py] => CNN top1 curve: [83.5, 76.7, 73.43]
2022-05-25 11:02:02,094 [trainer.py] => CNN top5 curve: [99.0, 96.4, 93.23]
2022-05-25 11:02:02,094 [trainer.py] => NME top1 curve: [83.3, 76.55, 73.8]
2022-05-25 11:02:02,094 [trainer.py] => NME top5 curve: [99.0, 96.25, 93.97]

2022-05-25 11:02:02,095 [trainer.py] => All params: 1398967
2022-05-25 11:02:02,096 [trainer.py] => Trainable params: 470659
2022-05-25 11:02:02,124 [der.py] => Learning on 30-40
2022-05-25 11:02:02,126 [der.py] => All params: 1867611
2022-05-25 11:02:02,127 [der.py] => Trainable params: 475149
2022-05-25 11:13:02,639 [der.py] => Task 3, Epoch 170/170 => Loss 0.020, Loss_clf 0.011, Loss_aux 0.009, Train_accy 99.91
2022-05-25 11:13:02,642 [base.py] => Reducing exemplars...(50 per classes)
2022-05-25 11:13:10,632 [base.py] => Constructing exemplars...(50 per classes)
2022-05-25 11:13:22,059 [der.py] => Exemplar size: 2000
2022-05-25 11:13:22,059 [trainer.py] => CNN: {'total': 69.4, '00-09': 59.9, '10-19': 61.3, '20-29': 77.8, '30-39': 78.6, 'old': 66.33, 'new': 78.6}
2022-05-25 11:13:22,060 [trainer.py] => NME: {'total': 69.72, '00-09': 64.8, '10-19': 63.4, '20-29': 75.2, '30-39': 75.5, 'old': 67.8, 'new': 75.5}
2022-05-25 11:13:22,060 [trainer.py] => CNN top1 curve: [83.5, 76.7, 73.43, 69.4]
2022-05-25 11:13:22,060 [trainer.py] => CNN top5 curve: [99.0, 96.4, 93.23, 91.18]
2022-05-25 11:13:22,060 [trainer.py] => NME top1 curve: [83.3, 76.55, 73.8, 69.72]
2022-05-25 11:13:22,060 [trainer.py] => NME top5 curve: [99.0, 96.25, 93.97, 92.38]

2022-05-25 11:13:22,061 [trainer.py] => All params: 1867611
2022-05-25 11:13:22,062 [trainer.py] => Trainable params: 475149
2022-05-25 11:13:22,087 [der.py] => Learning on 40-50
2022-05-25 11:13:22,089 [der.py] => All params: 2337535
2022-05-25 11:13:22,090 [der.py] => Trainable params: 480919
2022-05-25 11:25:56,238 [der.py] => Task 4, Epoch 170/170 => Loss 0.018, Loss_clf 0.010, Loss_aux 0.008, Train_accy 99.93
2022-05-25 11:25:56,240 [base.py] => Reducing exemplars...(40 per classes)
2022-05-25 11:26:07,194 [base.py] => Constructing exemplars...(40 per classes)
2022-05-25 11:26:19,586 [der.py] => Exemplar size: 2000
2022-05-25 11:26:19,586 [trainer.py] => CNN: {'total': 66.24, '00-09': 55.0, '10-19': 55.1, '20-29': 71.0, '30-39': 73.8, '40-49': 76.3, 'old': 63.72, 'new': 76.3}
2022-05-25 11:26:19,586 [trainer.py] => NME: {'total': 67.04, '00-09': 59.1, '10-19': 60.5, '20-29': 69.4, '30-39': 69.9, '40-49': 76.3, 'old': 64.72, 'new': 76.3}
2022-05-25 11:26:19,587 [trainer.py] => CNN top1 curve: [83.5, 76.7, 73.43, 69.4, 66.24]
2022-05-25 11:26:19,587 [trainer.py] => CNN top5 curve: [99.0, 96.4, 93.23, 91.18, 89.5]
2022-05-25 11:26:19,587 [trainer.py] => NME top1 curve: [83.3, 76.55, 73.8, 69.72, 67.04]
2022-05-25 11:26:19,587 [trainer.py] => NME top5 curve: [99.0, 96.25, 93.97, 92.38, 90.88]

2022-05-25 11:26:19,589 [trainer.py] => All params: 2337535
2022-05-25 11:26:19,591 [trainer.py] => Trainable params: 480919
2022-05-25 11:26:19,621 [der.py] => Learning on 50-60
2022-05-25 11:26:19,625 [der.py] => All params: 2808739
2022-05-25 11:26:19,626 [der.py] => Trainable params: 487969
2022-05-25 11:40:15,990 [der.py] => Task 5, Epoch 170/170 => Loss 0.021, Loss_clf 0.012, Loss_aux 0.009, Train_accy 99.87
2022-05-25 11:40:15,993 [base.py] => Reducing exemplars...(33 per classes)
2022-05-25 11:40:28,746 [base.py] => Constructing exemplars...(33 per classes)
2022-05-25 11:40:42,399 [der.py] => Exemplar size: 1980
2022-05-25 11:40:42,399 [trainer.py] => CNN: {'total': 64.47, '00-09': 50.6, '10-19': 52.5, '20-29': 67.5, '30-39': 67.9, '40-49': 77.2, '50-59': 71.1, 'old': 63.14, 'new': 71.1}
2022-05-25 11:40:42,399 [trainer.py] => NME: {'total': 64.97, '00-09': 54.0, '10-19': 58.3, '20-29': 68.1, '30-39': 65.7, '40-49': 70.9, '50-59': 72.8, 'old': 63.4, 'new': 72.8}
2022-05-25 11:40:42,399 [trainer.py] => CNN top1 curve: [83.5, 76.7, 73.43, 69.4, 66.24, 64.47]
2022-05-25 11:40:42,400 [trainer.py] => CNN top5 curve: [99.0, 96.4, 93.23, 91.18, 89.5, 88.25]
2022-05-25 11:40:42,400 [trainer.py] => NME top1 curve: [83.3, 76.55, 73.8, 69.72, 67.04, 64.97]
2022-05-25 11:40:42,400 [trainer.py] => NME top5 curve: [99.0, 96.25, 93.97, 92.38, 90.88, 89.72]

2022-05-25 11:40:42,402 [trainer.py] => All params: 2808739
2022-05-25 11:40:42,404 [trainer.py] => Trainable params: 487969
2022-05-25 11:40:42,440 [der.py] => Learning on 60-70
2022-05-25 11:40:42,445 [der.py] => All params: 3281223
2022-05-25 11:40:42,447 [der.py] => Trainable params: 496299
2022-05-25 11:55:58,939 [der.py] => Task 6, Epoch 170/170 => Loss 0.016, Loss_clf 0.010, Loss_aux 0.006, Train_accy 99.97
2022-05-25 11:55:58,942 [base.py] => Reducing exemplars...(28 per classes)
2022-05-25 11:56:14,961 [base.py] => Constructing exemplars...(28 per classes)
2022-05-25 11:56:30,168 [der.py] => Exemplar size: 1960
2022-05-25 11:56:30,168 [trainer.py] => CNN: {'total': 63.76, '00-09': 47.9, '10-19': 50.1, '20-29': 65.8, '30-39': 61.8, '40-49': 70.3, '50-59': 78.5, '60-69': 71.9, 'old': 62.4, 'new': 71.9}
2022-05-25 11:56:30,168 [trainer.py] => NME: {'total': 63.7, '00-09': 51.4, '10-19': 54.9, '20-29': 65.2, '30-39': 60.8, '40-49': 68.2, '50-59': 69.7, '60-69': 75.7, 'old': 61.7, 'new': 75.7}
2022-05-25 11:56:30,168 [trainer.py] => CNN top1 curve: [83.5, 76.7, 73.43, 69.4, 66.24, 64.47, 63.76]
2022-05-25 11:56:30,168 [trainer.py] => CNN top5 curve: [99.0, 96.4, 93.23, 91.18, 89.5, 88.25, 86.87]
2022-05-25 11:56:30,169 [trainer.py] => NME top1 curve: [83.3, 76.55, 73.8, 69.72, 67.04, 64.97, 63.7]
2022-05-25 11:56:30,169 [trainer.py] => NME top5 curve: [99.0, 96.25, 93.97, 92.38, 90.88, 89.72, 88.3]

2022-05-25 11:56:30,171 [trainer.py] => All params: 3281223
2022-05-25 11:56:30,173 [trainer.py] => Trainable params: 496299
2022-05-25 11:56:30,197 [der.py] => Learning on 70-80
2022-05-25 11:56:30,201 [der.py] => All params: 3754987
2022-05-25 11:56:30,203 [der.py] => Trainable params: 505909
2022-05-25 12:13:22,518 [der.py] => Task 7, Epoch 170/170 => Loss 0.018, Loss_clf 0.010, Loss_aux 0.008, Train_accy 99.99
2022-05-25 12:13:22,521 [base.py] => Reducing exemplars...(25 per classes)
2022-05-25 12:13:40,610 [base.py] => Constructing exemplars...(25 per classes)
2022-05-25 12:13:57,231 [der.py] => Exemplar size: 2000
2022-05-25 12:13:57,231 [trainer.py] => CNN: {'total': 61.61, '00-09': 47.8, '10-19': 48.4, '20-29': 61.6, '30-39': 59.4, '40-49': 66.3, '50-59': 70.5, '60-69': 75.8, '70-79': 63.1, 'old': 61.4, 'new': 63.1}
2022-05-25 12:13:57,231 [trainer.py] => NME: {'total': 61.04, '00-09': 49.9, '10-19': 53.7, '20-29': 62.6, '30-39': 56.6, '40-49': 65.4, '50-59': 65.4, '60-69': 64.8, '70-79': 69.9, 'old': 59.77, 'new': 69.9}
2022-05-25 12:13:57,231 [trainer.py] => CNN top1 curve: [83.5, 76.7, 73.43, 69.4, 66.24, 64.47, 63.76, 61.61]
2022-05-25 12:13:57,231 [trainer.py] => CNN top5 curve: [99.0, 96.4, 93.23, 91.18, 89.5, 88.25, 86.87, 85.59]
2022-05-25 12:13:57,231 [trainer.py] => NME top1 curve: [83.3, 76.55, 73.8, 69.72, 67.04, 64.97, 63.7, 61.04]
2022-05-25 12:13:57,231 [trainer.py] => NME top5 curve: [99.0, 96.25, 93.97, 92.38, 90.88, 89.72, 88.3, 86.71]

2022-05-25 12:13:57,234 [trainer.py] => All params: 3754987
2022-05-25 12:13:57,236 [trainer.py] => Trainable params: 505909
2022-05-25 12:13:57,269 [der.py] => Learning on 80-90
2022-05-25 12:13:57,278 [der.py] => All params: 4230031
2022-05-25 12:13:57,281 [der.py] => Trainable params: 516799
2022-05-25 12:32:35,328 [der.py] => Task 8, Epoch 170/170 => Loss 0.016, Loss_clf 0.010, Loss_aux 0.007, Train_accy 100.00
2022-05-25 12:32:35,332 [base.py] => Reducing exemplars...(22 per classes)
2022-05-25 12:32:56,423 [base.py] => Constructing exemplars...(22 per classes)
2022-05-25 12:33:15,912 [der.py] => Exemplar size: 1980
2022-05-25 12:33:15,912 [trainer.py] => CNN: {'total': 60.24, '00-09': 46.2, '10-19': 45.5, '20-29': 60.6, '30-39': 54.8, '40-49': 60.8, '50-59': 67.9, '60-69': 63.1, '70-79': 76.1, '80-89': 67.2, 'old': 59.38, 'new': 67.2}
2022-05-25 12:33:15,912 [trainer.py] => NME: {'total': 60.18, '00-09': 46.5, '10-19': 50.0, '20-29': 61.1, '30-39': 53.8, '40-49': 62.6, '50-59': 63.1, '60-69': 62.6, '70-79': 68.6, '80-89': 73.3, 'old': 58.54, 'new': 73.3}
2022-05-25 12:33:15,913 [trainer.py] => CNN top1 curve: [83.5, 76.7, 73.43, 69.4, 66.24, 64.47, 63.76, 61.61, 60.24]
2022-05-25 12:33:15,913 [trainer.py] => CNN top5 curve: [99.0, 96.4, 93.23, 91.18, 89.5, 88.25, 86.87, 85.59, 84.99]
2022-05-25 12:33:15,913 [trainer.py] => NME top1 curve: [83.3, 76.55, 73.8, 69.72, 67.04, 64.97, 63.7, 61.04, 60.18]
2022-05-25 12:33:15,913 [trainer.py] => NME top5 curve: [99.0, 96.25, 93.97, 92.38, 90.88, 89.72, 88.3, 86.71, 86.09]

2022-05-25 12:33:15,916 [trainer.py] => All params: 4230031
2022-05-25 12:33:15,918 [trainer.py] => Trainable params: 516799
2022-05-25 12:33:15,947 [der.py] => Learning on 90-100
2022-05-25 12:33:15,953 [der.py] => All params: 4706355
2022-05-25 12:33:15,955 [der.py] => Trainable params: 528969
2022-05-25 12:53:41,413 [der.py] => Task 9, Epoch 170/170 => Loss 0.017, Loss_clf 0.010, Loss_aux 0.007, Train_accy 100.00
2022-05-25 12:53:41,415 [base.py] => Reducing exemplars...(20 per classes)
2022-05-25 12:54:05,525 [base.py] => Constructing exemplars...(20 per classes)
2022-05-25 12:54:27,516 [der.py] => Exemplar size: 2000
2022-05-25 12:54:27,517 [trainer.py] => CNN: {'total': 58.1, '00-09': 42.8, '10-19': 43.0, '20-29': 57.3, '30-39': 48.5, '40-49': 55.7, '50-59': 61.9, '60-69': 62.7, '70-79': 68.8, '80-89': 76.8, '90-99': 63.5, 'old': 57.5, 'new': 63.5}
2022-05-25 12:54:27,517 [trainer.py] => NME: {'total': 57.6, '00-09': 44.2, '10-19': 48.4, '20-29': 59.0, '30-39': 46.0, '40-49': 56.5, '50-59': 59.1, '60-69': 60.3, '70-79': 63.2, '80-89': 68.4, '90-99': 70.9, 'old': 56.12, 'new': 70.9}
2022-05-25 12:54:27,517 [trainer.py] => CNN top1 curve: [83.5, 76.7, 73.43, 69.4, 66.24, 64.47, 63.76, 61.61, 60.24, 58.1]
2022-05-25 12:54:27,517 [trainer.py] => CNN top5 curve: [99.0, 96.4, 93.23, 91.18, 89.5, 88.25, 86.87, 85.59, 84.99, 84.01]
2022-05-25 12:54:27,517 [trainer.py] => NME top1 curve: [83.3, 76.55, 73.8, 69.72, 67.04, 64.97, 63.7, 61.04, 60.18, 57.6]
2022-05-25 12:54:27,517 [trainer.py] => NME top5 curve: [99.0, 96.25, 93.97, 92.38, 90.88, 89.72, 88.3, 86.71, 86.09, 84.8]

