2022-05-24 16:44:43,522 [trainer.py] => config: exps/der.json
2022-05-24 16:44:43,522 [trainer.py] => prefix: reproduce
2022-05-24 16:44:43,522 [trainer.py] => dataset: cifar100
2022-05-24 16:44:43,522 [trainer.py] => memory_size: 2000
2022-05-24 16:44:43,523 [trainer.py] => memory_per_class: 20
2022-05-24 16:44:43,523 [trainer.py] => fixed_memory: False
2022-05-24 16:44:43,523 [trainer.py] => shuffle: True
2022-05-24 16:44:43,523 [trainer.py] => init_cls: 10
2022-05-24 16:44:43,523 [trainer.py] => increment: 10
2022-05-24 16:44:43,523 [trainer.py] => model_name: der
2022-05-24 16:44:43,523 [trainer.py] => convnet_type: resnet32
2022-05-24 16:44:43,523 [trainer.py] => device: [device(type='cuda', index=2), device(type='cuda', index=3)]
2022-05-24 16:44:43,523 [trainer.py] => seed: 1993
2022-05-24 16:44:45,517 [data_manager.py] => class order: [68, 56, 78, 8, 23, 84, 90, 65, 74, 76, 40, 89, 3, 92, 55, 9, 26, 80, 43, 38, 58, 70, 77, 1, 85, 19, 17, 50, 28, 53, 13, 81, 45, 82, 6, 59, 83, 16, 15, 44, 91, 41, 72, 60, 79, 52, 20, 10, 31, 54, 37, 95, 14, 71, 96, 98, 97, 2, 64, 66, 42, 22, 35, 86, 24, 34, 87, 21, 99, 0, 88, 27, 18, 94, 11, 12, 47, 25, 30, 46, 62, 69, 36, 61, 7, 63, 75, 5, 32, 4, 51, 48, 73, 93, 39, 67, 29, 49, 57, 33]
2022-05-24 16:44:45,988 [trainer.py] => All params: 0
2022-05-24 16:44:45,988 [trainer.py] => Trainable params: 0
2022-05-24 16:44:46,007 [der.py] => Learning on 0-10
2022-05-24 16:44:46,008 [der.py] => All params: 465519
2022-05-24 16:44:46,008 [der.py] => Trainable params: 465519
2022-05-24 16:54:24,021 [der.py] => Task 0, Epoch 200/200 => Loss 0.046, Train_accy 99.56, Test_accy 88.80
2022-05-24 16:54:24,022 [base.py] => Reducing exemplars...(200 per classes)
2022-05-24 16:54:24,022 [base.py] => Constructing exemplars...(200 per classes)
2022-05-24 16:54:31,059 [der.py] => Exemplar size: 2000
2022-05-24 16:54:31,059 [trainer.py] => CNN: {'total': 88.8, '00-09': 88.8, 'old': 0, 'new': 88.8}
2022-05-24 16:54:31,060 [trainer.py] => NME: {'total': 89.4, '00-09': 89.4, 'old': 0, 'new': 89.4}
2022-05-24 16:54:31,060 [trainer.py] => CNN top1 curve: [88.8]
2022-05-24 16:54:31,060 [trainer.py] => CNN top5 curve: [99.3]
2022-05-24 16:54:31,060 [trainer.py] => NME top1 curve: [89.4]
2022-05-24 16:54:31,060 [trainer.py] => NME top5 curve: [99.5]

2022-05-24 16:54:31,061 [trainer.py] => All params: 465519
2022-05-24 16:54:31,062 [trainer.py] => Trainable params: 465519
2022-05-24 16:54:31,093 [der.py] => Learning on 10-20
2022-05-24 16:54:31,094 [der.py] => All params: 931603
2022-05-24 16:54:31,095 [der.py] => Trainable params: 467449
2022-05-24 17:06:54,640 [der.py] => Task 1, Epoch 170/170 => Loss 0.031, Loss_clf 0.017, Loss_aux 0.015, Train_accy 99.61
2022-05-24 17:06:54,643 [base.py] => Reducing exemplars...(100 per classes)
2022-05-24 17:06:57,190 [base.py] => Constructing exemplars...(100 per classes)
2022-05-24 17:07:04,941 [der.py] => Exemplar size: 2000
2022-05-24 17:07:04,941 [trainer.py] => CNN: {'total': 78.6, '00-09': 81.5, '10-19': 75.7, 'old': 81.5, 'new': 75.7}
2022-05-24 17:07:04,941 [trainer.py] => NME: {'total': 78.3, '00-09': 81.0, '10-19': 75.6, 'old': 81.0, 'new': 75.6}
2022-05-24 17:07:04,941 [trainer.py] => CNN top1 curve: [88.8, 78.6]
2022-05-24 17:07:04,941 [trainer.py] => CNN top5 curve: [99.3, 96.05]
2022-05-24 17:07:04,941 [trainer.py] => NME top1 curve: [89.4, 78.3]
2022-05-24 17:07:04,941 [trainer.py] => NME top5 curve: [99.5, 95.85]

2022-05-24 17:07:04,943 [trainer.py] => All params: 931603
2022-05-24 17:07:04,944 [trainer.py] => Trainable params: 467449
2022-05-24 17:07:04,980 [der.py] => Learning on 20-30
2022-05-24 17:07:04,981 [der.py] => All params: 1398967
2022-05-24 17:07:04,982 [der.py] => Trainable params: 470659
2022-05-24 17:22:23,642 [der.py] => Task 2, Epoch 170/170 => Loss 0.017, Loss_clf 0.010, Loss_aux 0.007, Train_accy 99.87
2022-05-24 17:22:23,645 [base.py] => Reducing exemplars...(66 per classes)
2022-05-24 17:22:28,830 [base.py] => Constructing exemplars...(66 per classes)
2022-05-24 17:22:37,416 [der.py] => Exemplar size: 1980
2022-05-24 17:22:37,416 [trainer.py] => CNN: {'total': 75.67, '00-09': 75.8, '10-19': 68.4, '20-29': 82.8, 'old': 72.1, 'new': 82.8}
2022-05-24 17:22:37,416 [trainer.py] => NME: {'total': 75.73, '00-09': 76.9, '10-19': 69.4, '20-29': 80.9, 'old': 73.15, 'new': 80.9}
2022-05-24 17:22:37,417 [trainer.py] => CNN top1 curve: [88.8, 78.6, 75.67]
2022-05-24 17:22:37,417 [trainer.py] => CNN top5 curve: [99.3, 96.05, 93.9]
2022-05-24 17:22:37,417 [trainer.py] => NME top1 curve: [89.4, 78.3, 75.73]
2022-05-24 17:22:37,417 [trainer.py] => NME top5 curve: [99.5, 95.85, 94.63]

2022-05-24 17:22:37,418 [trainer.py] => All params: 1398967
2022-05-24 17:22:37,419 [trainer.py] => Trainable params: 470659
2022-05-24 17:22:37,443 [der.py] => Learning on 30-40
2022-05-24 17:22:37,445 [der.py] => All params: 1867611
2022-05-24 17:22:37,446 [der.py] => Trainable params: 475149
2022-05-24 17:40:50,000 [der.py] => Task 3, Epoch 170/170 => Loss 0.018, Loss_clf 0.009, Loss_aux 0.010, Train_accy 99.93
2022-05-24 17:40:50,003 [base.py] => Reducing exemplars...(50 per classes)
2022-05-24 17:40:57,011 [base.py] => Constructing exemplars...(50 per classes)
2022-05-24 17:41:06,142 [der.py] => Exemplar size: 2000
2022-05-24 17:41:06,142 [trainer.py] => CNN: {'total': 72.68, '00-09': 70.7, '10-19': 62.7, '20-29': 80.1, '30-39': 77.2, 'old': 71.17, 'new': 77.2}
2022-05-24 17:41:06,142 [trainer.py] => NME: {'total': 72.5, '00-09': 72.2, '10-19': 64.9, '20-29': 77.0, '30-39': 75.9, 'old': 71.37, 'new': 75.9}
2022-05-24 17:41:06,142 [trainer.py] => CNN top1 curve: [88.8, 78.6, 75.67, 72.68]
2022-05-24 17:41:06,142 [trainer.py] => CNN top5 curve: [99.3, 96.05, 93.9, 92.15]
2022-05-24 17:41:06,142 [trainer.py] => NME top1 curve: [89.4, 78.3, 75.73, 72.5]
2022-05-24 17:41:06,142 [trainer.py] => NME top5 curve: [99.5, 95.85, 94.63, 92.75]

2022-05-24 17:41:06,144 [trainer.py] => All params: 1867611
2022-05-24 17:41:06,145 [trainer.py] => Trainable params: 475149
2022-05-24 17:41:06,168 [der.py] => Learning on 40-50
2022-05-24 17:41:06,171 [der.py] => All params: 2337535
2022-05-24 17:41:06,172 [der.py] => Trainable params: 480919
2022-05-24 18:01:50,331 [der.py] => Task 4, Epoch 170/170 => Loss 0.016, Loss_clf 0.009, Loss_aux 0.007, Train_accy 99.94
2022-05-24 18:01:50,335 [base.py] => Reducing exemplars...(40 per classes)
2022-05-24 18:01:59,731 [base.py] => Constructing exemplars...(40 per classes)
2022-05-24 18:02:10,715 [der.py] => Exemplar size: 2000
2022-05-24 18:02:10,715 [trainer.py] => CNN: {'total': 70.26, '00-09': 65.6, '10-19': 55.1, '20-29': 74.2, '30-39': 75.3, '40-49': 81.1, 'old': 67.55, 'new': 81.1}
2022-05-24 18:02:10,715 [trainer.py] => NME: {'total': 70.1, '00-09': 68.6, '10-19': 59.6, '20-29': 73.0, '30-39': 70.4, '40-49': 78.9, 'old': 67.9, 'new': 78.9}
2022-05-24 18:02:10,715 [trainer.py] => CNN top1 curve: [88.8, 78.6, 75.67, 72.68, 70.26]
2022-05-24 18:02:10,715 [trainer.py] => CNN top5 curve: [99.3, 96.05, 93.9, 92.15, 90.7]
2022-05-24 18:02:10,715 [trainer.py] => NME top1 curve: [89.4, 78.3, 75.73, 72.5, 70.1]
2022-05-24 18:02:10,715 [trainer.py] => NME top5 curve: [99.5, 95.85, 94.63, 92.75, 91.54]

2022-05-24 18:02:10,717 [trainer.py] => All params: 2337535
2022-05-24 18:02:10,718 [trainer.py] => Trainable params: 480919
2022-05-24 18:02:10,742 [der.py] => Learning on 50-60
2022-05-24 18:02:10,745 [der.py] => All params: 2808739
2022-05-24 18:02:10,746 [der.py] => Trainable params: 487969
2022-05-24 18:26:11,916 [der.py] => Task 5, Epoch 170/170 => Loss 0.017, Loss_clf 0.009, Loss_aux 0.008, Train_accy 99.94
2022-05-24 18:26:11,919 [base.py] => Reducing exemplars...(33 per classes)
2022-05-24 18:26:23,707 [base.py] => Constructing exemplars...(33 per classes)
2022-05-24 18:26:35,952 [der.py] => Exemplar size: 1980
2022-05-24 18:26:35,952 [trainer.py] => CNN: {'total': 67.48, '00-09': 62.9, '10-19': 52.7, '20-29': 69.3, '30-39': 69.4, '40-49': 79.8, '50-59': 70.8, 'old': 66.82, 'new': 70.8}
2022-05-24 18:26:35,952 [trainer.py] => NME: {'total': 67.0, '00-09': 63.7, '10-19': 57.4, '20-29': 70.2, '30-39': 66.2, '40-49': 72.2, '50-59': 72.3, 'old': 65.94, 'new': 72.3}
2022-05-24 18:26:35,953 [trainer.py] => CNN top1 curve: [88.8, 78.6, 75.67, 72.68, 70.26, 67.48]
2022-05-24 18:26:35,953 [trainer.py] => CNN top5 curve: [99.3, 96.05, 93.9, 92.15, 90.7, 89.55]
2022-05-24 18:26:35,953 [trainer.py] => NME top1 curve: [89.4, 78.3, 75.73, 72.5, 70.1, 67.0]
2022-05-24 18:26:35,953 [trainer.py] => NME top5 curve: [99.5, 95.85, 94.63, 92.75, 91.54, 90.67]

2022-05-24 18:26:35,955 [trainer.py] => All params: 2808739
2022-05-24 18:26:35,957 [trainer.py] => Trainable params: 487969
2022-05-24 18:26:35,981 [der.py] => Learning on 60-70
2022-05-24 18:26:35,984 [der.py] => All params: 3281223
2022-05-24 18:26:35,985 [der.py] => Trainable params: 496299
2022-05-24 18:53:47,449 [der.py] => Task 6, Epoch 170/170 => Loss 0.016, Loss_clf 0.009, Loss_aux 0.007, Train_accy 99.94
2022-05-24 18:53:47,453 [base.py] => Reducing exemplars...(28 per classes)
2022-05-24 18:54:02,847 [base.py] => Constructing exemplars...(28 per classes)
2022-05-24 18:54:17,179 [der.py] => Exemplar size: 1960
2022-05-24 18:54:17,180 [trainer.py] => CNN: {'total': 66.43, '00-09': 60.4, '10-19': 50.8, '20-29': 67.3, '30-39': 65.1, '40-49': 73.0, '50-59': 74.2, '60-69': 74.2, 'old': 65.13, 'new': 74.2}
2022-05-24 18:54:17,180 [trainer.py] => NME: {'total': 65.9, '00-09': 62.1, '10-19': 54.9, '20-29': 69.8, '30-39': 63.2, '40-49': 69.6, '50-59': 65.8, '60-69': 75.9, 'old': 64.23, 'new': 75.9}
2022-05-24 18:54:17,180 [trainer.py] => CNN top1 curve: [88.8, 78.6, 75.67, 72.68, 70.26, 67.48, 66.43]
2022-05-24 18:54:17,180 [trainer.py] => CNN top5 curve: [99.3, 96.05, 93.9, 92.15, 90.7, 89.55, 88.76]
2022-05-24 18:54:17,180 [trainer.py] => NME top1 curve: [89.4, 78.3, 75.73, 72.5, 70.1, 67.0, 65.9]
2022-05-24 18:54:17,180 [trainer.py] => NME top5 curve: [99.5, 95.85, 94.63, 92.75, 91.54, 90.67, 89.67]

2022-05-24 18:54:17,183 [trainer.py] => All params: 3281223
2022-05-24 18:54:17,184 [trainer.py] => Trainable params: 496299
2022-05-24 18:54:17,208 [der.py] => Learning on 70-80
2022-05-24 18:54:17,212 [der.py] => All params: 3754987
2022-05-24 18:54:17,214 [der.py] => Trainable params: 505909
2022-05-24 19:24:57,030 [der.py] => Task 7, Epoch 170/170 => Loss 0.020, Loss_clf 0.009, Loss_aux 0.010, Train_accy 99.96
2022-05-24 19:24:57,035 [base.py] => Reducing exemplars...(25 per classes)
2022-05-24 19:25:15,351 [base.py] => Constructing exemplars...(25 per classes)
2022-05-24 19:25:31,258 [der.py] => Exemplar size: 2000
2022-05-24 19:25:31,259 [trainer.py] => CNN: {'total': 63.05, '00-09': 58.8, '10-19': 48.1, '20-29': 65.8, '30-39': 59.8, '40-49': 67.8, '50-59': 64.5, '60-69': 79.9, '70-79': 59.7, 'old': 63.53, 'new': 59.7}
2022-05-24 19:25:31,259 [trainer.py] => NME: {'total': 63.1, '00-09': 58.4, '10-19': 53.5, '20-29': 68.6, '30-39': 60.0, '40-49': 66.1, '50-59': 56.2, '60-69': 69.4, '70-79': 72.6, 'old': 61.74, 'new': 72.6}
2022-05-24 19:25:31,259 [trainer.py] => CNN top1 curve: [88.8, 78.6, 75.67, 72.68, 70.26, 67.48, 66.43, 63.05]
2022-05-24 19:25:31,259 [trainer.py] => CNN top5 curve: [99.3, 96.05, 93.9, 92.15, 90.7, 89.55, 88.76, 87.11]
2022-05-24 19:25:31,259 [trainer.py] => NME top1 curve: [89.4, 78.3, 75.73, 72.5, 70.1, 67.0, 65.9, 63.1]
2022-05-24 19:25:31,259 [trainer.py] => NME top5 curve: [99.5, 95.85, 94.63, 92.75, 91.54, 90.67, 89.67, 88.55]

2022-05-24 19:25:31,262 [trainer.py] => All params: 3754987
2022-05-24 19:25:31,264 [trainer.py] => Trainable params: 505909
2022-05-24 19:25:31,290 [der.py] => Learning on 80-90
2022-05-24 19:25:31,295 [der.py] => All params: 4230031
2022-05-24 19:25:31,297 [der.py] => Trainable params: 516799
2022-05-24 20:00:00,494 [der.py] => Task 8, Epoch 170/170 => Loss 0.018, Loss_clf 0.009, Loss_aux 0.008, Train_accy 99.99
2022-05-24 20:00:00,497 [base.py] => Reducing exemplars...(22 per classes)
2022-05-24 20:00:21,371 [base.py] => Constructing exemplars...(22 per classes)
2022-05-24 20:00:39,841 [der.py] => Exemplar size: 1980
2022-05-24 20:00:39,841 [trainer.py] => CNN: {'total': 61.32, '00-09': 55.1, '10-19': 46.4, '20-29': 63.1, '30-39': 58.7, '40-49': 61.6, '50-59': 56.7, '60-69': 71.6, '70-79': 75.4, '80-89': 63.3, 'old': 61.08, 'new': 63.3}
2022-05-24 20:00:39,841 [trainer.py] => NME: {'total': 60.99, '00-09': 54.8, '10-19': 48.7, '20-29': 64.5, '30-39': 58.4, '40-49': 62.6, '50-59': 54.6, '60-69': 65.9, '70-79': 68.4, '80-89': 71.0, 'old': 59.74, 'new': 71.0}
2022-05-24 20:00:39,841 [trainer.py] => CNN top1 curve: [88.8, 78.6, 75.67, 72.68, 70.26, 67.48, 66.43, 63.05, 61.32]
2022-05-24 20:00:39,841 [trainer.py] => CNN top5 curve: [99.3, 96.05, 93.9, 92.15, 90.7, 89.55, 88.76, 87.11, 86.08]
2022-05-24 20:00:39,841 [trainer.py] => NME top1 curve: [89.4, 78.3, 75.73, 72.5, 70.1, 67.0, 65.9, 63.1, 60.99]
2022-05-24 20:00:39,842 [trainer.py] => NME top5 curve: [99.5, 95.85, 94.63, 92.75, 91.54, 90.67, 89.67, 88.55, 87.6]

2022-05-24 20:00:39,845 [trainer.py] => All params: 4230031
2022-05-24 20:00:39,847 [trainer.py] => Trainable params: 516799
2022-05-24 20:00:39,874 [der.py] => Learning on 90-100
2022-05-24 20:00:39,879 [der.py] => All params: 4706355
2022-05-24 20:00:39,882 [der.py] => Trainable params: 528969
2022-05-24 20:38:29,692 [der.py] => Task 9, Epoch 170/170 => Loss 0.021, Loss_clf 0.010, Loss_aux 0.011, Train_accy 99.97
2022-05-24 20:38:29,695 [base.py] => Reducing exemplars...(20 per classes)
2022-05-24 20:38:53,241 [base.py] => Constructing exemplars...(20 per classes)
2022-05-24 20:39:14,238 [der.py] => Exemplar size: 2000
2022-05-24 20:39:14,238 [trainer.py] => CNN: {'total': 59.53, '00-09': 53.1, '10-19': 43.7, '20-29': 61.6, '30-39': 56.0, '40-49': 58.5, '50-59': 53.4, '60-69': 66.3, '70-79': 69.7, '80-89': 79.6, '90-99': 53.4, 'old': 60.21, 'new': 53.4}
2022-05-24 20:39:14,238 [trainer.py] => NME: {'total': 59.51, '00-09': 51.9, '10-19': 47.8, '20-29': 63.2, '30-39': 57.2, '40-49': 60.5, '50-59': 51.7, '60-69': 65.5, '70-79': 64.9, '80-89': 68.6, '90-99': 63.8, 'old': 59.03, 'new': 63.8}
2022-05-24 20:39:14,239 [trainer.py] => CNN top1 curve: [88.8, 78.6, 75.67, 72.68, 70.26, 67.48, 66.43, 63.05, 61.32, 59.53]
2022-05-24 20:39:14,239 [trainer.py] => CNN top5 curve: [99.3, 96.05, 93.9, 92.15, 90.7, 89.55, 88.76, 87.11, 86.08, 85.17]
2022-05-24 20:39:14,239 [trainer.py] => NME top1 curve: [89.4, 78.3, 75.73, 72.5, 70.1, 67.0, 65.9, 63.1, 60.99, 59.51]
2022-05-24 20:39:14,239 [trainer.py] => NME top5 curve: [99.5, 95.85, 94.63, 92.75, 91.54, 90.67, 89.67, 88.55, 87.6, 85.99]

