2022-05-25 10:30:29,626 [trainer.py] => config: options/der.yaml
2022-05-25 10:30:29,627 [trainer.py] => prefix: reproduce
2022-05-25 10:30:29,627 [trainer.py] => device: [device(type='cuda', index=1)]
2022-05-25 10:30:29,627 [trainer.py] => seed: 1993
2022-05-25 10:30:29,627 [trainer.py] => num_workers: 8
2022-05-25 10:30:29,627 [trainer.py] => dataset: cifar100
2022-05-25 10:30:29,627 [trainer.py] => shuffle: False
2022-05-25 10:30:29,627 [trainer.py] => method: der
2022-05-25 10:30:29,627 [trainer.py] => eval_metric: acc
2022-05-25 10:30:29,627 [trainer.py] => backbone: resnet32
2022-05-25 10:30:29,627 [trainer.py] => pretrained: True
2022-05-25 10:30:29,627 [trainer.py] => save_models: False
2022-05-25 10:30:29,628 [trainer.py] => memory_size: 2000
2022-05-25 10:30:29,628 [trainer.py] => fixed_memory: False
2022-05-25 10:30:29,628 [trainer.py] => init_cls: 10
2022-05-25 10:30:29,628 [trainer.py] => increment: 10
2022-05-25 10:30:29,628 [trainer.py] => incre_type: cil
2022-05-25 10:30:29,628 [trainer.py] => init_epoch: 200
2022-05-25 10:30:29,628 [trainer.py] => init_lr: 0.1
2022-05-25 10:30:29,628 [trainer.py] => init_milestones: [60, 120, 170]
2022-05-25 10:30:29,628 [trainer.py] => init_lr_decay: 0.1
2022-05-25 10:30:29,628 [trainer.py] => init_weight_decay: 0.0005
2022-05-25 10:30:29,628 [trainer.py] => epochs: 170
2022-05-25 10:30:29,628 [trainer.py] => lrate: 0.1
2022-05-25 10:30:29,628 [trainer.py] => milestones: [80, 120, 150]
2022-05-25 10:30:29,629 [trainer.py] => lrate_decay: 0.1
2022-05-25 10:30:29,629 [trainer.py] => batch_size: 128
2022-05-25 10:30:29,629 [trainer.py] => weight_decay: 0.0002
2022-05-25 10:30:31,646 [data_manager.py] => class order: [0, 1, 2, 3, 4, 5, 6, 7, 8, 9, 10, 11, 12, 13, 14, 15, 16, 17, 18, 19, 20, 21, 22, 23, 24, 25, 26, 27, 28, 29, 30, 31, 32, 33, 34, 35, 36, 37, 38, 39, 40, 41, 42, 43, 44, 45, 46, 47, 48, 49, 50, 51, 52, 53, 54, 55, 56, 57, 58, 59, 60, 61, 62, 63, 64, 65, 66, 67, 68, 69, 70, 71, 72, 73, 74, 75, 76, 77, 78, 79, 80, 81, 82, 83, 84, 85, 86, 87, 88, 89, 90, 91, 92, 93, 94, 95, 96, 97, 98, 99]
2022-05-25 10:30:32,026 [trainer.py] => All params: 0
2022-05-25 10:30:32,027 [trainer.py] => Trainable params: 0
2022-05-25 10:30:32,044 [der.py] => Learning on 0-10
2022-05-25 10:30:32,045 [der.py] => All params: 465519
2022-05-25 10:30:32,045 [der.py] => Trainable params: 465519
