2022-05-24 22:01:16,305 [trainer.py] => config: exps/ewc.json
2022-05-24 22:01:16,305 [trainer.py] => prefix: reproduce
2022-05-24 22:01:16,305 [trainer.py] => dataset: cifar100
2022-05-24 22:01:16,305 [trainer.py] => memory_size: 2000
2022-05-24 22:01:16,305 [trainer.py] => memory_per_class: 20
2022-05-24 22:01:16,305 [trainer.py] => fixed_memory: False
2022-05-24 22:01:16,305 [trainer.py] => shuffle: True
2022-05-24 22:01:16,305 [trainer.py] => init_cls: 10
2022-05-24 22:01:16,306 [trainer.py] => increment: 10
2022-05-24 22:01:16,306 [trainer.py] => model_name: ewc
2022-05-24 22:01:16,306 [trainer.py] => convnet_type: resnet32
2022-05-24 22:01:16,306 [trainer.py] => device: [device(type='cuda', index=0)]
2022-05-24 22:01:16,306 [trainer.py] => seed: 1993
2022-05-24 22:01:18,189 [data_manager.py] => class order: [68, 56, 78, 8, 23, 84, 90, 65, 74, 76, 40, 89, 3, 92, 55, 9, 26, 80, 43, 38, 58, 70, 77, 1, 85, 19, 17, 50, 28, 53, 13, 81, 45, 82, 6, 59, 83, 16, 15, 44, 91, 41, 72, 60, 79, 52, 20, 10, 31, 54, 37, 95, 14, 71, 96, 98, 97, 2, 64, 66, 42, 22, 35, 86, 24, 34, 87, 21, 99, 0, 88, 27, 18, 94, 11, 12, 47, 25, 30, 46, 62, 69, 36, 61, 7, 63, 75, 5, 32, 4, 51, 48, 73, 93, 39, 67, 29, 49, 57, 33]
2022-05-24 22:01:18,549 [trainer.py] => All params: 464154
2022-05-24 22:01:18,549 [trainer.py] => Trainable params: 464154
2022-05-24 22:01:18,549 [ewc.py] => Learning on 0-10
2022-05-24 22:10:38,667 [ewc.py] => Task 0, Epoch 200/200 => Loss 0.026, Train_accy 99.68, Test_accy 89.40
2022-05-24 22:10:41,795 [trainer.py] => No NME accuracy.
2022-05-24 22:10:41,796 [trainer.py] => CNN: {'total': 89.7, '00-09': 89.7, 'old': 0, 'new': 89.7}
2022-05-24 22:10:41,796 [trainer.py] => CNN top1 curve: [89.7]
2022-05-24 22:10:41,796 [trainer.py] => CNN top5 curve: [99.7]

2022-05-24 22:10:41,797 [trainer.py] => All params: 464804
2022-05-24 22:10:41,797 [trainer.py] => Trainable params: 464804
2022-05-24 22:10:41,800 [ewc.py] => Learning on 10-20
2022-05-24 22:22:37,182 [ewc.py] => Task 1, Epoch 180/180 => Loss 0.226, Train_accy 99.02
2022-05-24 22:22:40,889 [trainer.py] => No NME accuracy.
2022-05-24 22:22:40,890 [trainer.py] => CNN: {'total': 42.1, '00-09': 4.7, '10-19': 79.5, 'old': 4.7, 'new': 79.5}
2022-05-24 22:22:40,890 [trainer.py] => CNN top1 curve: [89.7, 42.1]
2022-05-24 22:22:40,890 [trainer.py] => CNN top5 curve: [99.7, 82.95]

2022-05-24 22:22:40,890 [trainer.py] => All params: 465454
2022-05-24 22:22:40,891 [trainer.py] => Trainable params: 465454
2022-05-24 22:22:40,892 [ewc.py] => Learning on 20-30
2022-05-24 22:33:52,453 [ewc.py] => Task 2, Epoch 180/180 => Loss 0.152, Train_accy 96.28
2022-05-24 22:33:55,999 [trainer.py] => No NME accuracy.
2022-05-24 22:33:56,000 [trainer.py] => CNN: {'total': 36.6, '00-09': 1.7, '10-19': 22.9, '20-29': 85.2, 'old': 12.3, 'new': 85.2}
2022-05-24 22:33:56,000 [trainer.py] => CNN top1 curve: [89.7, 42.1, 36.6]
2022-05-24 22:33:56,001 [trainer.py] => CNN top5 curve: [99.7, 82.95, 67.9]

2022-05-24 22:33:56,002 [trainer.py] => All params: 466104
2022-05-24 22:33:56,003 [trainer.py] => Trainable params: 466104
2022-05-24 22:33:56,006 [ewc.py] => Learning on 30-40
2022-05-24 22:46:06,923 [ewc.py] => Task 3, Epoch 180/180 => Loss 0.202, Train_accy 87.06
2022-05-24 22:46:10,221 [trainer.py] => No NME accuracy.
2022-05-24 22:46:10,222 [trainer.py] => CNN: {'total': 29.22, '00-09': 1.5, '10-19': 9.0, '20-29': 32.9, '30-39': 73.5, 'old': 14.47, 'new': 73.5}
2022-05-24 22:46:10,222 [trainer.py] => CNN top1 curve: [89.7, 42.1, 36.6, 29.22]
2022-05-24 22:46:10,222 [trainer.py] => CNN top5 curve: [99.7, 82.95, 67.9, 60.22]

2022-05-24 22:46:10,223 [trainer.py] => All params: 466754
2022-05-24 22:46:10,224 [trainer.py] => Trainable params: 466754
2022-05-24 22:46:10,226 [ewc.py] => Learning on 40-50
2022-05-24 22:57:29,420 [ewc.py] => Task 4, Epoch 180/180 => Loss 0.157, Train_accy 89.16
2022-05-24 22:57:32,640 [trainer.py] => No NME accuracy.
2022-05-24 22:57:32,641 [trainer.py] => CNN: {'total': 25.72, '00-09': 0.7, '10-19': 6.8, '20-29': 16.2, '30-39': 24.5, '40-49': 80.4, 'old': 12.05, 'new': 80.4}
2022-05-24 22:57:32,641 [trainer.py] => CNN top1 curve: [89.7, 42.1, 36.6, 29.22, 25.72]
2022-05-24 22:57:32,641 [trainer.py] => CNN top5 curve: [99.7, 82.95, 67.9, 60.22, 57.42]

2022-05-24 22:57:32,642 [trainer.py] => All params: 467404
2022-05-24 22:57:32,643 [trainer.py] => Trainable params: 467404
2022-05-24 22:57:32,647 [ewc.py] => Learning on 50-60
2022-05-24 23:09:25,371 [ewc.py] => Task 5, Epoch 180/180 => Loss 0.203, Train_accy 86.96
2022-05-24 23:09:28,031 [trainer.py] => No NME accuracy.
2022-05-24 23:09:28,031 [trainer.py] => CNN: {'total': 21.62, '00-09': 1.4, '10-19': 7.1, '20-29': 9.4, '30-39': 9.9, '40-49': 31.2, '50-59': 70.7, 'old': 11.8, 'new': 70.7}
2022-05-24 23:09:28,031 [trainer.py] => CNN top1 curve: [89.7, 42.1, 36.6, 29.22, 25.72, 21.62]
2022-05-24 23:09:28,031 [trainer.py] => CNN top5 curve: [99.7, 82.95, 67.9, 60.22, 57.42, 52.17]

2022-05-24 23:09:28,032 [trainer.py] => All params: 468054
2022-05-24 23:09:28,033 [trainer.py] => Trainable params: 468054
2022-05-24 23:09:28,035 [ewc.py] => Learning on 60-70
2022-05-24 23:21:08,453 [ewc.py] => Task 6, Epoch 180/180 => Loss 0.178, Train_accy 85.54
2022-05-24 23:21:12,603 [trainer.py] => No NME accuracy.
2022-05-24 23:21:12,604 [trainer.py] => CNN: {'total': 20.6, '00-09': 0.6, '10-19': 7.3, '20-29': 7.0, '30-39': 5.7, '40-49': 24.0, '50-59': 23.1, '60-69': 76.5, 'old': 11.28, 'new': 76.5}
2022-05-24 23:21:12,604 [trainer.py] => CNN top1 curve: [89.7, 42.1, 36.6, 29.22, 25.72, 21.62, 20.6]
2022-05-24 23:21:12,604 [trainer.py] => CNN top5 curve: [99.7, 82.95, 67.9, 60.22, 57.42, 52.17, 46.2]

2022-05-24 23:21:12,604 [trainer.py] => All params: 468704
2022-05-24 23:21:12,605 [trainer.py] => Trainable params: 468704
2022-05-24 23:21:12,606 [ewc.py] => Learning on 70-80
2022-05-24 23:32:46,780 [ewc.py] => Task 7, Epoch 180/180 => Loss 0.198, Train_accy 71.84
2022-05-24 23:32:49,967 [trainer.py] => No NME accuracy.
2022-05-24 23:32:49,967 [trainer.py] => CNN: {'total': 17.0, '00-09': 1.5, '10-19': 6.0, '20-29': 4.1, '30-39': 6.4, '40-49': 16.6, '50-59': 19.4, '60-69': 23.0, '70-79': 59.0, 'old': 11.0, 'new': 59.0}
2022-05-24 23:32:49,967 [trainer.py] => CNN top1 curve: [89.7, 42.1, 36.6, 29.22, 25.72, 21.62, 20.6, 17.0]
2022-05-24 23:32:49,967 [trainer.py] => CNN top5 curve: [99.7, 82.95, 67.9, 60.22, 57.42, 52.17, 46.2, 44.26]

2022-05-24 23:32:49,968 [trainer.py] => All params: 469354
2022-05-24 23:32:49,968 [trainer.py] => Trainable params: 469354
2022-05-24 23:32:49,970 [ewc.py] => Learning on 80-90
2022-05-24 23:44:59,691 [ewc.py] => Task 8, Epoch 180/180 => Loss 0.192, Train_accy 79.36
2022-05-24 23:45:03,734 [trainer.py] => No NME accuracy.
2022-05-24 23:45:03,734 [trainer.py] => CNN: {'total': 15.71, '00-09': 0.8, '10-19': 7.1, '20-29': 3.5, '30-39': 4.0, '40-49': 15.2, '50-59': 10.9, '60-69': 12.7, '70-79': 20.7, '80-89': 66.5, 'old': 9.36, 'new': 66.5}
2022-05-24 23:45:03,734 [trainer.py] => CNN top1 curve: [89.7, 42.1, 36.6, 29.22, 25.72, 21.62, 20.6, 17.0, 15.71]
2022-05-24 23:45:03,734 [trainer.py] => CNN top5 curve: [99.7, 82.95, 67.9, 60.22, 57.42, 52.17, 46.2, 44.26, 41.36]

2022-05-24 23:45:03,735 [trainer.py] => All params: 470004
2022-05-24 23:45:03,735 [trainer.py] => Trainable params: 470004
2022-05-24 23:45:03,737 [ewc.py] => Learning on 90-100
2022-05-24 23:56:39,652 [ewc.py] => Task 9, Epoch 180/180 => Loss 0.241, Train_accy 78.54
2022-05-24 23:56:43,673 [trainer.py] => No NME accuracy.
2022-05-24 23:56:43,673 [trainer.py] => CNN: {'total': 13.8, '00-09': 1.2, '10-19': 5.9, '20-29': 4.8, '30-39': 3.5, '40-49': 7.6, '50-59': 8.4, '60-69': 5.9, '70-79': 13.7, '80-89': 23.8, '90-99': 63.2, 'old': 8.31, 'new': 63.2}
2022-05-24 23:56:43,673 [trainer.py] => CNN top1 curve: [89.7, 42.1, 36.6, 29.22, 25.72, 21.62, 20.6, 17.0, 15.71, 13.8]
2022-05-24 23:56:43,673 [trainer.py] => CNN top5 curve: [99.7, 82.95, 67.9, 60.22, 57.42, 52.17, 46.2, 44.26, 41.36, 36.83]

