2022-05-24 22:12:09,663 [trainer.py] => config: exps/finetune.json
2022-05-24 22:12:09,663 [trainer.py] => prefix: reproduce
2022-05-24 22:12:09,663 [trainer.py] => dataset: cifar100
2022-05-24 22:12:09,664 [trainer.py] => memory_size: 2000
2022-05-24 22:12:09,664 [trainer.py] => memory_per_class: 20
2022-05-24 22:12:09,664 [trainer.py] => fixed_memory: False
2022-05-24 22:12:09,664 [trainer.py] => shuffle: True
2022-05-24 22:12:09,664 [trainer.py] => init_cls: 10
2022-05-24 22:12:09,664 [trainer.py] => increment: 10
2022-05-24 22:12:09,664 [trainer.py] => model_name: finetune
2022-05-24 22:12:09,664 [trainer.py] => convnet_type: resnet32
2022-05-24 22:12:09,664 [trainer.py] => device: [device(type='cuda', index=2)]
2022-05-24 22:12:09,664 [trainer.py] => seed: 1993
2022-05-24 22:12:11,594 [data_manager.py] => class order: [68, 56, 78, 8, 23, 84, 90, 65, 74, 76, 40, 89, 3, 92, 55, 9, 26, 80, 43, 38, 58, 70, 77, 1, 85, 19, 17, 50, 28, 53, 13, 81, 45, 82, 6, 59, 83, 16, 15, 44, 91, 41, 72, 60, 79, 52, 20, 10, 31, 54, 37, 95, 14, 71, 96, 98, 97, 2, 64, 66, 42, 22, 35, 86, 24, 34, 87, 21, 99, 0, 88, 27, 18, 94, 11, 12, 47, 25, 30, 46, 62, 69, 36, 61, 7, 63, 75, 5, 32, 4, 51, 48, 73, 93, 39, 67, 29, 49, 57, 33]
2022-05-24 22:12:12,158 [trainer.py] => All params: 464154
2022-05-24 22:12:12,158 [trainer.py] => Trainable params: 464154
2022-05-24 22:12:12,159 [finetune.py] => Learning on 0-10
2022-05-24 22:22:17,605 [finetune.py] => Task 0, Epoch 200/200 => Loss 0.024, Train_accy 99.58, Test_accy 89.30
2022-05-24 22:22:18,056 [trainer.py] => No NME accuracy.
2022-05-24 22:22:18,056 [trainer.py] => CNN: {'total': 89.3, '00-09': 89.3, 'old': 0, 'new': 89.3}
2022-05-24 22:22:18,057 [trainer.py] => CNN top1 curve: [89.3]
2022-05-24 22:22:18,057 [trainer.py] => CNN top5 curve: [99.1]

2022-05-24 22:22:18,057 [trainer.py] => All params: 464804
2022-05-24 22:22:18,058 [trainer.py] => Trainable params: 464804
2022-05-24 22:22:18,061 [finetune.py] => Learning on 10-20
2022-05-24 22:24:53,923 [finetune.py] => Task 1, Epoch 80/80 => Loss 0.076, Train_accy 98.30
2022-05-24 22:24:54,396 [trainer.py] => No NME accuracy.
2022-05-24 22:24:54,396 [trainer.py] => CNN: {'total': 40.9, '00-09': 0.4, '10-19': 81.4, 'old': 0.4, 'new': 81.4}
2022-05-24 22:24:54,396 [trainer.py] => CNN top1 curve: [89.3, 40.9]
2022-05-24 22:24:54,396 [trainer.py] => CNN top5 curve: [99.1, 73.9]

2022-05-24 22:24:54,397 [trainer.py] => All params: 465454
2022-05-24 22:24:54,398 [trainer.py] => Trainable params: 465454
2022-05-24 22:24:54,400 [finetune.py] => Learning on 20-30
2022-05-24 22:27:29,774 [finetune.py] => Task 2, Epoch 80/80 => Loss 0.016, Train_accy 99.72
2022-05-24 22:27:30,379 [trainer.py] => No NME accuracy.
2022-05-24 22:27:30,380 [trainer.py] => CNN: {'total': 30.77, '00-09': 0.0, '10-19': 1.1, '20-29': 91.2, 'old': 0.55, 'new': 91.2}
2022-05-24 22:27:30,380 [trainer.py] => CNN top1 curve: [89.3, 40.9, 30.77]
2022-05-24 22:27:30,380 [trainer.py] => CNN top5 curve: [99.1, 73.9, 57.33]

2022-05-24 22:27:30,381 [trainer.py] => All params: 466104
2022-05-24 22:27:30,382 [trainer.py] => Trainable params: 466104
2022-05-24 22:27:30,384 [finetune.py] => Learning on 30-40
2022-05-24 22:30:11,115 [finetune.py] => Task 3, Epoch 80/80 => Loss 0.032, Train_accy 99.38
2022-05-24 22:30:11,873 [trainer.py] => No NME accuracy.
2022-05-24 22:30:11,874 [trainer.py] => CNN: {'total': 22.15, '00-09': 0.0, '10-19': 0.0, '20-29': 1.4, '30-39': 87.2, 'old': 0.47, 'new': 87.2}
2022-05-24 22:30:11,874 [trainer.py] => CNN top1 curve: [89.3, 40.9, 30.77, 22.15]
2022-05-24 22:30:11,874 [trainer.py] => CNN top5 curve: [99.1, 73.9, 57.33, 47.18]

2022-05-24 22:30:11,875 [trainer.py] => All params: 466754
2022-05-24 22:30:11,875 [trainer.py] => Trainable params: 466754
2022-05-24 22:30:11,877 [finetune.py] => Learning on 40-50
2022-05-24 22:32:51,973 [finetune.py] => Task 4, Epoch 80/80 => Loss 0.029, Train_accy 99.52
2022-05-24 22:32:52,746 [trainer.py] => No NME accuracy.
2022-05-24 22:32:52,746 [trainer.py] => CNN: {'total': 19.28, '00-09': 0.0, '10-19': 0.0, '20-29': 0.0, '30-39': 3.6, '40-49': 92.8, 'old': 0.9, 'new': 92.8}
2022-05-24 22:32:52,746 [trainer.py] => CNN top1 curve: [89.3, 40.9, 30.77, 22.15, 19.28]
2022-05-24 22:32:52,747 [trainer.py] => CNN top5 curve: [99.1, 73.9, 57.33, 47.18, 42.7]

2022-05-24 22:32:52,747 [trainer.py] => All params: 467404
2022-05-24 22:32:52,748 [trainer.py] => Trainable params: 467404
2022-05-24 22:32:52,749 [finetune.py] => Learning on 50-60
2022-05-24 22:35:30,044 [finetune.py] => Task 5, Epoch 80/80 => Loss 0.024, Train_accy 99.44
2022-05-24 22:35:30,892 [trainer.py] => No NME accuracy.
2022-05-24 22:35:30,893 [trainer.py] => CNN: {'total': 14.75, '00-09': 0.0, '10-19': 0.0, '20-29': 0.0, '30-39': 0.0, '40-49': 1.2, '50-59': 87.3, 'old': 0.24, 'new': 87.3}
2022-05-24 22:35:30,893 [trainer.py] => CNN top1 curve: [89.3, 40.9, 30.77, 22.15, 19.28, 14.75]
2022-05-24 22:35:30,893 [trainer.py] => CNN top5 curve: [99.1, 73.9, 57.33, 47.18, 42.7, 35.43]

2022-05-24 22:35:30,894 [trainer.py] => All params: 468054
2022-05-24 22:35:30,894 [trainer.py] => Trainable params: 468054
2022-05-24 22:35:30,895 [finetune.py] => Learning on 60-70
2022-05-24 22:38:10,659 [finetune.py] => Task 6, Epoch 80/80 => Loss 0.019, Train_accy 99.64
2022-05-24 22:38:11,592 [trainer.py] => No NME accuracy.
2022-05-24 22:38:11,592 [trainer.py] => CNN: {'total': 13.31, '00-09': 0.0, '10-19': 0.0, '20-29': 0.0, '30-39': 0.0, '40-49': 0.2, '50-59': 1.5, '60-69': 91.5, 'old': 0.28, 'new': 91.5}
2022-05-24 22:38:11,592 [trainer.py] => CNN top1 curve: [89.3, 40.9, 30.77, 22.15, 19.28, 14.75, 13.31]
2022-05-24 22:38:11,592 [trainer.py] => CNN top5 curve: [99.1, 73.9, 57.33, 47.18, 42.7, 35.43, 29.47]

2022-05-24 22:38:11,593 [trainer.py] => All params: 468704
2022-05-24 22:38:11,594 [trainer.py] => Trainable params: 468704
2022-05-24 22:38:11,596 [finetune.py] => Learning on 70-80
2022-05-24 22:40:51,225 [finetune.py] => Task 7, Epoch 80/80 => Loss 0.051, Train_accy 98.98
2022-05-24 22:40:52,284 [trainer.py] => No NME accuracy.
2022-05-24 22:40:52,284 [trainer.py] => CNN: {'total': 11.1, '00-09': 0.0, '10-19': 0.0, '20-29': 0.0, '30-39': 0.0, '40-49': 0.0, '50-59': 0.0, '60-69': 1.1, '70-79': 87.7, 'old': 0.16, 'new': 87.7}
2022-05-24 22:40:52,284 [trainer.py] => CNN top1 curve: [89.3, 40.9, 30.77, 22.15, 19.28, 14.75, 13.31, 11.1]
2022-05-24 22:40:52,284 [trainer.py] => CNN top5 curve: [99.1, 73.9, 57.33, 47.18, 42.7, 35.43, 29.47, 27.69]

2022-05-24 22:40:52,285 [trainer.py] => All params: 469354
2022-05-24 22:40:52,285 [trainer.py] => Trainable params: 469354
2022-05-24 22:40:52,286 [finetune.py] => Learning on 80-90
2022-05-24 22:43:34,679 [finetune.py] => Task 8, Epoch 80/80 => Loss 0.022, Train_accy 99.42
2022-05-24 22:43:35,752 [trainer.py] => No NME accuracy.
2022-05-24 22:43:35,752 [trainer.py] => CNN: {'total': 10.51, '00-09': 0.0, '10-19': 0.0, '20-29': 0.0, '30-39': 0.0, '40-49': 0.0, '50-59': 0.0, '60-69': 0.0, '70-79': 4.2, '80-89': 90.4, 'old': 0.52, 'new': 90.4}
2022-05-24 22:43:35,752 [trainer.py] => CNN top1 curve: [89.3, 40.9, 30.77, 22.15, 19.28, 14.75, 13.31, 11.1, 10.51]
2022-05-24 22:43:35,753 [trainer.py] => CNN top5 curve: [99.1, 73.9, 57.33, 47.18, 42.7, 35.43, 29.47, 27.69, 23.42]

2022-05-24 22:43:35,753 [trainer.py] => All params: 470004
2022-05-24 22:43:35,754 [trainer.py] => Trainable params: 470004
2022-05-24 22:43:35,755 [finetune.py] => Learning on 90-100
2022-05-24 22:46:18,936 [finetune.py] => Task 9, Epoch 80/80 => Loss 0.051, Train_accy 99.14
2022-05-24 22:46:20,084 [trainer.py] => No NME accuracy.
2022-05-24 22:46:20,085 [trainer.py] => CNN: {'total': 8.99, '00-09': 0.0, '10-19': 0.0, '20-29': 0.0, '30-39': 0.0, '40-49': 0.0, '50-59': 0.0, '60-69': 0.0, '70-79': 0.0, '80-89': 3.1, '90-99': 86.8, 'old': 0.34, 'new': 86.8}
2022-05-24 22:46:20,085 [trainer.py] => CNN top1 curve: [89.3, 40.9, 30.77, 22.15, 19.28, 14.75, 13.31, 11.1, 10.51, 8.99]
2022-05-24 22:46:20,085 [trainer.py] => CNN top5 curve: [99.1, 73.9, 57.33, 47.18, 42.7, 35.43, 29.47, 27.69, 23.42, 19.2]

