2022-05-25 09:55:34,925 [trainer.py] => config: options/bic.yaml
2022-05-25 09:55:34,925 [trainer.py] => prefix: reproduce
2022-05-25 09:55:34,925 [trainer.py] => device: [device(type='cuda', index=0)]
2022-05-25 09:55:34,925 [trainer.py] => seed: 1993
2022-05-25 09:55:34,925 [trainer.py] => num_workers: 8
2022-05-25 09:55:34,925 [trainer.py] => dataset: cifar100
2022-05-25 09:55:34,925 [trainer.py] => shuffle: False
2022-05-25 09:55:34,925 [trainer.py] => method: bic
2022-05-25 09:55:34,925 [trainer.py] => eval_metric: acc
2022-05-25 09:55:34,925 [trainer.py] => backbone: resnet32
2022-05-25 09:55:34,925 [trainer.py] => pretrained: True
2022-05-25 09:55:34,925 [trainer.py] => save_models: False
2022-05-25 09:55:34,926 [trainer.py] => memory_size: 2000
2022-05-25 09:55:34,926 [trainer.py] => fixed_memory: False
2022-05-25 09:55:34,926 [trainer.py] => sampling_method: icarl
2022-05-25 09:55:34,926 [trainer.py] => init_cls: 10
2022-05-25 09:55:34,926 [trainer.py] => increment: 10
2022-05-25 09:55:34,926 [trainer.py] => incre_type: cil
2022-05-25 09:55:34,926 [trainer.py] => T: 2
2022-05-25 09:55:34,926 [trainer.py] => split_ratio: 0.1
2022-05-25 09:55:34,926 [trainer.py] => epochs: 170
2022-05-25 09:55:34,926 [trainer.py] => lrate: 0.1
2022-05-25 09:55:34,926 [trainer.py] => milestones: [60, 100, 140]
2022-05-25 09:55:34,926 [trainer.py] => lrate_decay: 0.1
2022-05-25 09:55:34,926 [trainer.py] => batch_size: 128
2022-05-25 09:55:34,926 [trainer.py] => weight_decay: 0.0002
2022-05-25 09:55:36,765 [data_manager.py] => class order: [0, 1, 2, 3, 4, 5, 6, 7, 8, 9, 10, 11, 12, 13, 14, 15, 16, 17, 18, 19, 20, 21, 22, 23, 24, 25, 26, 27, 28, 29, 30, 31, 32, 33, 34, 35, 36, 37, 38, 39, 40, 41, 42, 43, 44, 45, 46, 47, 48, 49, 50, 51, 52, 53, 54, 55, 56, 57, 58, 59, 60, 61, 62, 63, 64, 65, 66, 67, 68, 69, 70, 71, 72, 73, 74, 75, 76, 77, 78, 79, 80, 81, 82, 83, 84, 85, 86, 87, 88, 89, 90, 91, 92, 93, 94, 95, 96, 97, 98, 99]
