2022-05-24 22:04:21,448 [trainer.py] => config: exps/lwf.json
2022-05-24 22:04:21,448 [trainer.py] => prefix: reproduce
2022-05-24 22:04:21,448 [trainer.py] => dataset: cifar100
2022-05-24 22:04:21,448 [trainer.py] => memory_size: 2000
2022-05-24 22:04:21,448 [trainer.py] => memory_per_class: 20
2022-05-24 22:04:21,448 [trainer.py] => fixed_memory: False
2022-05-24 22:04:21,448 [trainer.py] => shuffle: True
2022-05-24 22:04:21,448 [trainer.py] => init_cls: 10
2022-05-24 22:04:21,448 [trainer.py] => increment: 10
2022-05-24 22:04:21,448 [trainer.py] => model_name: lwf
2022-05-24 22:04:21,448 [trainer.py] => convnet_type: resnet32
2022-05-24 22:04:21,448 [trainer.py] => device: [device(type='cuda', index=1)]
2022-05-24 22:04:21,448 [trainer.py] => seed: 1993
2022-05-24 22:04:23,413 [data_manager.py] => class order: [68, 56, 78, 8, 23, 84, 90, 65, 74, 76, 40, 89, 3, 92, 55, 9, 26, 80, 43, 38, 58, 70, 77, 1, 85, 19, 17, 50, 28, 53, 13, 81, 45, 82, 6, 59, 83, 16, 15, 44, 91, 41, 72, 60, 79, 52, 20, 10, 31, 54, 37, 95, 14, 71, 96, 98, 97, 2, 64, 66, 42, 22, 35, 86, 24, 34, 87, 21, 99, 0, 88, 27, 18, 94, 11, 12, 47, 25, 30, 46, 62, 69, 36, 61, 7, 63, 75, 5, 32, 4, 51, 48, 73, 93, 39, 67, 29, 49, 57, 33]
2022-05-24 22:04:23,810 [trainer.py] => All params: 464154
2022-05-24 22:04:23,811 [trainer.py] => Trainable params: 464154
2022-05-24 22:04:23,811 [lwf.py] => Learning on 0-10
2022-05-24 22:14:15,456 [lwf.py] => Task 0, Epoch 200/200 => Loss 0.024, Train_accy 99.54, Test_accy 89.20
2022-05-24 22:14:15,942 [trainer.py] => No NME accuracy.
2022-05-24 22:14:15,942 [trainer.py] => CNN: {'total': 89.2, '00-09': 89.2, 'old': 0, 'new': 89.2}
2022-05-24 22:14:15,942 [trainer.py] => CNN top1 curve: [89.2]
2022-05-24 22:14:15,942 [trainer.py] => CNN top5 curve: [99.1]

2022-05-24 22:14:15,943 [trainer.py] => All params: 464804
2022-05-24 22:14:15,943 [trainer.py] => Trainable params: 464804
2022-05-24 22:14:15,945 [lwf.py] => Learning on 10-20
2022-05-24 22:27:39,159 [lwf.py] => Task 1, Epoch 250/250 => Loss 3.734, Train_accy 93.72
2022-05-24 22:27:39,816 [trainer.py] => No NME accuracy.
2022-05-24 22:27:39,816 [trainer.py] => CNN: {'total': 66.75, '00-09': 62.5, '10-19': 71.0, 'old': 62.5, 'new': 71.0}
2022-05-24 22:27:39,816 [trainer.py] => CNN top1 curve: [89.2, 66.75]
2022-05-24 22:27:39,816 [trainer.py] => CNN top5 curve: [99.1, 94.5]

2022-05-24 22:27:39,817 [trainer.py] => All params: 465454
2022-05-24 22:27:39,817 [trainer.py] => Trainable params: 465454
2022-05-24 22:27:39,818 [lwf.py] => Learning on 20-30
2022-05-24 22:41:17,503 [lwf.py] => Task 2, Epoch 250/250 => Loss 4.375, Train_accy 88.88
2022-05-24 22:41:18,253 [trainer.py] => No NME accuracy.
2022-05-24 22:41:18,254 [trainer.py] => CNN: {'total': 56.5, '00-09': 44.4, '10-19': 50.4, '20-29': 74.7, 'old': 47.4, 'new': 74.7}
2022-05-24 22:41:18,254 [trainer.py] => CNN top1 curve: [89.2, 66.75, 56.5]
2022-05-24 22:41:18,254 [trainer.py] => CNN top5 curve: [99.1, 94.5, 90.17]

2022-05-24 22:41:18,254 [trainer.py] => All params: 466104
2022-05-24 22:41:18,255 [trainer.py] => Trainable params: 466104
2022-05-24 22:41:18,256 [lwf.py] => Learning on 30-40
2022-05-24 22:54:48,608 [lwf.py] => Task 3, Epoch 250/250 => Loss 5.751, Train_accy 90.92
2022-05-24 22:54:49,619 [trainer.py] => No NME accuracy.
2022-05-24 22:54:49,619 [trainer.py] => CNN: {'total': 45.1, '00-09': 27.9, '10-19': 32.1, '20-29': 46.5, '30-39': 73.9, 'old': 35.5, 'new': 73.9}
2022-05-24 22:54:49,619 [trainer.py] => CNN top1 curve: [89.2, 66.75, 56.5, 45.1]
2022-05-24 22:54:49,620 [trainer.py] => CNN top5 curve: [99.1, 94.5, 90.17, 85.88]

2022-05-24 22:54:49,620 [trainer.py] => All params: 466754
2022-05-24 22:54:49,620 [trainer.py] => Trainable params: 466754
2022-05-24 22:54:49,622 [lwf.py] => Learning on 40-50
2022-05-24 23:08:19,279 [lwf.py] => Task 4, Epoch 250/250 => Loss 6.256, Train_accy 84.66
2022-05-24 23:08:20,227 [trainer.py] => No NME accuracy.
2022-05-24 23:08:20,227 [trainer.py] => CNN: {'total': 40.02, '00-09': 16.1, '10-19': 18.1, '20-29': 31.8, '30-39': 58.9, '40-49': 75.2, 'old': 31.22, 'new': 75.2}
2022-05-24 23:08:20,227 [trainer.py] => CNN top1 curve: [89.2, 66.75, 56.5, 45.1, 40.02]
2022-05-24 23:08:20,227 [trainer.py] => CNN top5 curve: [99.1, 94.5, 90.17, 85.88, 80.66]

2022-05-24 23:08:20,228 [trainer.py] => All params: 467404
2022-05-24 23:08:20,228 [trainer.py] => Trainable params: 467404
2022-05-24 23:08:20,229 [lwf.py] => Learning on 50-60
2022-05-24 23:21:52,384 [lwf.py] => Task 5, Epoch 250/250 => Loss 7.255, Train_accy 90.36
2022-05-24 23:21:53,438 [trainer.py] => No NME accuracy.
2022-05-24 23:21:53,439 [trainer.py] => CNN: {'total': 31.62, '00-09': 6.4, '10-19': 9.3, '20-29': 17.6, '30-39': 28.4, '40-49': 54.4, '50-59': 73.6, 'old': 23.22, 'new': 73.6}
2022-05-24 23:21:53,439 [trainer.py] => CNN top1 curve: [89.2, 66.75, 56.5, 45.1, 40.02, 31.62]
2022-05-24 23:21:53,439 [trainer.py] => CNN top5 curve: [99.1, 94.5, 90.17, 85.88, 80.66, 73.5]

2022-05-24 23:21:53,439 [trainer.py] => All params: 468054
2022-05-24 23:21:53,440 [trainer.py] => Trainable params: 468054
2022-05-24 23:21:53,441 [lwf.py] => Learning on 60-70
2022-05-24 23:35:46,783 [lwf.py] => Task 6, Epoch 250/250 => Loss 7.215, Train_accy 82.58
2022-05-24 23:35:47,971 [trainer.py] => No NME accuracy.
2022-05-24 23:35:47,971 [trainer.py] => CNN: {'total': 31.83, '00-09': 3.1, '10-19': 6.7, '20-29': 10.3, '30-39': 22.0, '40-49': 45.5, '50-59': 63.1, '60-69': 72.1, 'old': 25.12, 'new': 72.1}
2022-05-24 23:35:47,971 [trainer.py] => CNN top1 curve: [89.2, 66.75, 56.5, 45.1, 40.02, 31.62, 31.83]
2022-05-24 23:35:47,971 [trainer.py] => CNN top5 curve: [99.1, 94.5, 90.17, 85.88, 80.66, 73.5, 68.17]

2022-05-24 23:35:47,971 [trainer.py] => All params: 468704
2022-05-24 23:35:47,972 [trainer.py] => Trainable params: 468704
2022-05-24 23:35:47,973 [lwf.py] => Learning on 70-80
2022-05-24 23:49:31,877 [lwf.py] => Task 7, Epoch 250/250 => Loss 7.310, Train_accy 89.62
2022-05-24 23:49:33,142 [trainer.py] => No NME accuracy.
2022-05-24 23:49:33,143 [trainer.py] => CNN: {'total': 26.79, '00-09': 1.2, '10-19': 2.4, '20-29': 4.1, '30-39': 12.0, '40-49': 28.3, '50-59': 38.4, '60-69': 52.6, '70-79': 75.3, 'old': 19.86, 'new': 75.3}
2022-05-24 23:49:33,143 [trainer.py] => CNN top1 curve: [89.2, 66.75, 56.5, 45.1, 40.02, 31.62, 31.83, 26.79]
2022-05-24 23:49:33,143 [trainer.py] => CNN top5 curve: [99.1, 94.5, 90.17, 85.88, 80.66, 73.5, 68.17, 62.19]

2022-05-24 23:49:33,143 [trainer.py] => All params: 469354
2022-05-24 23:49:33,144 [trainer.py] => Trainable params: 469354
2022-05-24 23:49:33,145 [lwf.py] => Learning on 80-90
2022-05-25 00:03:22,356 [lwf.py] => Task 8, Epoch 250/250 => Loss 8.079, Train_accy 84.90
2022-05-25 00:03:23,637 [trainer.py] => No NME accuracy.
2022-05-25 00:03:23,637 [trainer.py] => CNN: {'total': 26.47, '00-09': 0.2, '10-19': 1.0, '20-29': 2.7, '30-39': 9.5, '40-49': 20.3, '50-59': 32.4, '60-69': 37.1, '70-79': 63.6, '80-89': 71.4, 'old': 20.85, 'new': 71.4}
2022-05-25 00:03:23,637 [trainer.py] => CNN top1 curve: [89.2, 66.75, 56.5, 45.1, 40.02, 31.62, 31.83, 26.79, 26.47]
2022-05-25 00:03:23,637 [trainer.py] => CNN top5 curve: [99.1, 94.5, 90.17, 85.88, 80.66, 73.5, 68.17, 62.19, 57.9]

2022-05-25 00:03:23,638 [trainer.py] => All params: 470004
2022-05-25 00:03:23,638 [trainer.py] => Trainable params: 470004
2022-05-25 00:03:23,639 [lwf.py] => Learning on 90-100
2022-05-25 00:17:25,262 [lwf.py] => Task 9, Epoch 250/250 => Loss 8.789, Train_accy 86.36
2022-05-25 00:17:26,844 [trainer.py] => No NME accuracy.
2022-05-25 00:17:26,844 [trainer.py] => CNN: {'total': 24.06, '00-09': 0.1, '10-19': 0.1, '20-29': 0.8, '30-39': 7.6, '40-49': 11.0, '50-59': 22.6, '60-69': 24.5, '70-79': 50.6, '80-89': 53.3, '90-99': 70.0, 'old': 18.96, 'new': 70.0}
2022-05-25 00:17:26,845 [trainer.py] => CNN top1 curve: [89.2, 66.75, 56.5, 45.1, 40.02, 31.62, 31.83, 26.79, 26.47, 24.06]
2022-05-25 00:17:26,845 [trainer.py] => CNN top5 curve: [99.1, 94.5, 90.17, 85.88, 80.66, 73.5, 68.17, 62.19, 57.9, 54.28]

